2026-04-02 11:17:00,113 - DB - DB SELECT on users | user_id=123
2026-04-02 11:17:00,204 - DB - DB CREATE TABLE on users
2026-04-02 11:17:00,204 - DB - DB CREATE TABLE on users
2026-04-02 11:17:00,214 - DB - DB CREATE TABLE on messages
2026-04-02 11:17:00,214 - DB - DB CREATE TABLE on messages
2026-04-02 11:17:00,223 - DB - DB CREATE TABLE on user_profiles
2026-04-02 11:17:00,223 - DB - DB CREATE TABLE on user_profiles
2026-04-02 11:17:00,231 - DB - DB CREATE TABLE on chat_stats
2026-04-02 11:17:00,231 - DB - DB CREATE TABLE on chat_stats
2026-04-02 11:17:00,268 - DB - DB INCREMENT_MESSAGE on users | user_id=999 | username=test_user | today_count=incremented
2026-04-02 11:17:00,268 - DB - DB INCREMENT_MESSAGE on users | user_id=999 | username=test_user | today_count=incremented
2026-04-02 11:17:00,291 - DB - DB GET_USER_STATS on users | user_id=999 | found=True
2026-04-02 11:17:00,291 - DB - DB GET_USER_STATS on users | user_id=999 | found=True
2026-04-02 11:17:00,297 - DB - DB GET_TOP_USERS on users | limit=5 | result_count=1
2026-04-02 11:17:00,297 - DB - DB GET_TOP_USERS on users | limit=5 | result_count=1
2026-04-02 11:17:00,305 - DB - DB GET_TODAY_TOP on users | limit=5 | result_count=1
2026-04-02 11:17:00,305 - DB - DB GET_TODAY_TOP on users | limit=5 | result_count=1
2026-04-02 11:44:03,959 - DB - DB CREATE TABLE on users
2026-04-02 11:44:03,959 - DB - DB CREATE TABLE on users
2026-04-02 11:44:03,973 - DB - DB CREATE TABLE on messages
2026-04-02 11:44:03,973 - DB - DB CREATE TABLE on messages
2026-04-02 11:44:03,982 - DB - DB CREATE TABLE on user_profiles
2026-04-02 11:44:03,982 - DB - DB CREATE TABLE on user_profiles
2026-04-02 11:44:03,991 - DB - DB CREATE TABLE on chat_stats
2026-04-02 11:44:03,991 - DB - DB CREATE TABLE on chat_stats
2026-04-02 11:44:04,021 - DB - DB INCREMENT_MESSAGE on users | user_id=99999 | username=test_user_check | today_count=incremented
2026-04-02 11:44:04,021 - DB - DB INCREMENT_MESSAGE on users | user_id=99999 | username=test_user_check | today_count=incremented
2026-04-02 11:44:04,040 - DB - DB GET_USER_STATS on users | user_id=99999 | found=True
2026-04-02 11:44:04,040 - DB - DB GET_USER_STATS on users | user_id=99999 | found=True
2026-04-02 11:44:04,047 - DB - DB GET_TOP_USERS on users | limit=3 | result_count=1
2026-04-02 11:44:04,047 - DB - DB GET_TOP_USERS on users | limit=3 | result_count=1
2026-04-02 11:44:04,053 - DB - DB GET_TODAY_TOP on users | limit=3 | result_count=1
2026-04-02 11:44:04,053 - DB - DB GET_TODAY_TOP on users | limit=3 | result_count=1
2026-04-02 11:44:17,295 - DB - DB CREATE TABLE on users
2026-04-02 11:44:17,295 - DB - DB CREATE TABLE on users
2026-04-02 11:44:17,308 - DB - DB CREATE TABLE on messages
2026-04-02 11:44:17,308 - DB - DB CREATE TABLE on messages
2026-04-02 11:44:17,324 - DB - DB CREATE TABLE on user_profiles
2026-04-02 11:44:17,324 - DB - DB CREATE TABLE on user_profiles
2026-04-02 11:44:17,341 - DB - DB CREATE TABLE on chat_stats
2026-04-02 11:44:17,341 - DB - DB CREATE TABLE on chat_stats
2026-04-02 11:44:17,410 - DB - DB INCREMENT_MESSAGE on users | user_id=99999 | username=test_user_check | today_count=incremented
2026-04-02 11:44:17,410 - DB - DB INCREMENT_MESSAGE on users | user_id=99999 | username=test_user_check | today_count=incremented
2026-04-02 11:44:17,462 - DB - DB GET_USER_STATS on users | user_id=99999 | found=True
2026-04-02 11:44:17,462 - DB - DB GET_USER_STATS on users | user_id=99999 | found=True
2026-04-02 11:44:17,478 - DB - DB GET_TOP_USERS on users | limit=3 | result_count=1
2026-04-02 11:44:17,478 - DB - DB GET_TOP_USERS on users | limit=3 | result_count=1
2026-04-02 11:44:17,487 - DB - DB GET_TODAY_TOP on users | limit=3 | result_count=1
2026-04-02 11:44:17,487 - DB - DB GET_TODAY_TOP on users | limit=3 | result_count=1
2026-04-02 11:47:00,794 - DB - DB CREATE TABLE on users
2026-04-02 11:47:00,794 - DB - DB CREATE TABLE on users
2026-04-02 11:47:00,839 - DB - DB CREATE TABLE on messages
2026-04-02 11:47:00,839 - DB - DB CREATE TABLE on messages
2026-04-02 11:47:00,860 - DB - DB CREATE TABLE on user_profiles
2026-04-02 11:47:00,860 - DB - DB CREATE TABLE on user_profiles
2026-04-02 11:47:00,880 - DB - DB CREATE TABLE on chat_stats
2026-04-02 11:47:00,880 - DB - DB CREATE TABLE on chat_stats
2026-04-02 11:47:00,943 - DB - DB INCREMENT_MESSAGE on users | user_id=99999 | username=test_user_check | today_count=incremented
2026-04-02 11:47:00,943 - DB - DB INCREMENT_MESSAGE on users | user_id=99999 | username=test_user_check | today_count=incremented
2026-04-02 11:47:00,988 - DB - DB GET_USER_STATS on users | user_id=99999 | found=True
2026-04-02 11:47:00,988 - DB - DB GET_USER_STATS on users | user_id=99999 | found=True
2026-04-02 11:47:01,007 - DB - DB GET_TOP_USERS on users | limit=3 | result_count=1
2026-04-02 11:47:01,007 - DB - DB GET_TOP_USERS on users | limit=3 | result_count=1
2026-04-02 11:47:01,016 - DB - DB GET_TODAY_TOP on users | limit=3 | result_count=1
2026-04-02 11:47:01,016 - DB - DB GET_TODAY_TOP on users | limit=3 | result_count=1
2026-04-02 11:47:23,569 - DB - DB CREATE TABLE on users
2026-04-02 11:47:23,569 - DB - DB CREATE TABLE on users
2026-04-02 11:47:23,602 - DB - DB CREATE TABLE on messages
2026-04-02 11:47:23,602 - DB - DB CREATE TABLE on messages
2026-04-02 11:47:23,630 - DB - DB CREATE TABLE on user_profiles
2026-04-02 11:47:23,630 - DB - DB CREATE TABLE on user_profiles
2026-04-02 11:47:23,666 - DB - DB CREATE TABLE on chat_stats
2026-04-02 11:47:23,666 - DB - DB CREATE TABLE on chat_stats
2026-04-02 11:47:23,722 - DB - DB INCREMENT_MESSAGE on users | user_id=99999 | username=test_user_check | today_count=incremented
2026-04-02 11:47:23,722 - DB - DB INCREMENT_MESSAGE on users | user_id=99999 | username=test_user_check | today_count=incremented
2026-04-02 11:47:23,741 - DB - DB GET_USER_STATS on users | user_id=99999 | found=True
2026-04-02 11:47:23,741 - DB - DB GET_USER_STATS on users | user_id=99999 | found=True
2026-04-02 11:47:23,746 - DB - DB GET_TOP_USERS on users | limit=3 | result_count=1
2026-04-02 11:47:23,746 - DB - DB GET_TOP_USERS on users | limit=3 | result_count=1
2026-04-02 11:47:23,753 - DB - DB GET_TODAY_TOP on users | limit=3 | result_count=1
2026-04-02 11:47:23,753 - DB - DB GET_TODAY_TOP on users | limit=3 | result_count=1
