2026-04-02 11:17:00,109 - kayo-bot - ERROR - Тестовое сообщение ERROR | test=True
NoneType: None
2026-04-02 11:17:00,438 - kayo-bot.diagnostics - ERROR - Diagnostics failed: No module named 'dotenv'
Traceback (most recent call last):
  File "/home/skyfox/.temm1e/workspace/kayo-bot/bot/diagnostics.py", line 430, in run_diagnostics
    tester = CommandTester()
  File "/home/skyfox/.temm1e/workspace/kayo-bot/bot/diagnostics.py", line 162, in __init__
    from main import (
  File "/home/skyfox/.temm1e/workspace/kayo-bot/main.py", line 12, in <module>
    from dotenv import load_dotenv
ModuleNotFoundError: No module named 'dotenv'
2026-04-02 11:17:00,438 - kayo-bot.diagnostics - ERROR - Diagnostics failed: No module named 'dotenv'
Traceback (most recent call last):
  File "/home/skyfox/.temm1e/workspace/kayo-bot/bot/diagnostics.py", line 430, in run_diagnostics
    tester = CommandTester()
  File "/home/skyfox/.temm1e/workspace/kayo-bot/bot/diagnostics.py", line 162, in __init__
    from main import (
  File "/home/skyfox/.temm1e/workspace/kayo-bot/main.py", line 12, in <module>
    from dotenv import load_dotenv
ModuleNotFoundError: No module named 'dotenv'
